Compiling the C compiler identification source file "CMakeCCompilerId.c" failed.
Compiler:  
Build flags: 
Id flags: 

The output was:
1
Microsoft (R) Build Engine version 14.0.25420.1
Copyright (C) Microsoft Corporation. All rights reserved.

Build started 15/08/2016 13:40:42.
Project "F:\Downloads\Aula\CG\saida\CMakeFiles\3.6.1\CompilerIdC\CompilerIdC.vcxproj" on node 1 (default targets).
PrepareForBuild:
  Creating directory "Debug\".
  Creating directory "Debug\CompilerIdC.tlog\".
InitializeBuildStatus:
  Creating "Debug\CompilerIdC.tlog\unsuccessfulbuild" because "AlwaysCreate" was specified.
ClCompile:
  CL.exe /c /nologo /W0 /WX- /Od /Oy- /D _MBCS /Gm- /EHsc /RTC1 /MDd /GS /fp:precise /Zc:wchar_t /Zc:forScope /Zc:inline /Fo"Debug\\" /Fd"Debug\vc140.pdb" /Gd /TC /analyze- /errorReport:queue CMakeCCompilerId.c
TRACKER : error TRK0005: Failed to locate: "CL.exe". O sistema nÆo pode encontrar o arquivo especificado. [F:\Downloads\Aula\CG\saida\CMakeFiles\3.6.1\CompilerIdC\CompilerIdC.vcxproj]
  
  
Done Building Project "F:\Downloads\Aula\CG\saida\CMakeFiles\3.6.1\CompilerIdC\CompilerIdC.vcxproj" (default targets) -- FAILED.

Build FAILED.

"F:\Downloads\Aula\CG\saida\CMakeFiles\3.6.1\CompilerIdC\CompilerIdC.vcxproj" (default target) (1) ->
(ClCompile target) -> 
  TRACKER : error TRK0005: Failed to locate: "CL.exe". O sistema nÆo pode encontrar o arquivo especificado. [F:\Downloads\Aula\CG\saida\CMakeFiles\3.6.1\CompilerIdC\CompilerIdC.vcxproj]

    0 Warning(s)
    1 Error(s)

Time Elapsed 00:00:01.81


Compiling the CXX compiler identification source file "CMakeCXXCompilerId.cpp" failed.
Compiler:  
Build flags: 
Id flags: 

The output was:
1
Microsoft (R) Build Engine version 14.0.25420.1
Copyright (C) Microsoft Corporation. All rights reserved.

Build started 15/08/2016 13:40:44.
Project "F:\Downloads\Aula\CG\saida\CMakeFiles\3.6.1\CompilerIdCXX\CompilerIdCXX.vcxproj" on node 1 (default targets).
PrepareForBuild:
  Creating directory "Debug\".
  Creating directory "Debug\CompilerIdCXX.tlog\".
InitializeBuildStatus:
  Creating "Debug\CompilerIdCXX.tlog\unsuccessfulbuild" because "AlwaysCreate" was specified.
ClCompile:
  CL.exe /c /nologo /W0 /WX- /Od /Oy- /D _MBCS /Gm- /EHsc /RTC1 /MDd /GS /fp:precise /Zc:wchar_t /Zc:forScope /Zc:inline /Fo"Debug\\" /Fd"Debug\vc140.pdb" /Gd /TP /analyze- /errorReport:queue CMakeCXXCompilerId.cpp
TRACKER : error TRK0005: Failed to locate: "CL.exe". O sistema nÆo pode encontrar o arquivo especificado. [F:\Downloads\Aula\CG\saida\CMakeFiles\3.6.1\CompilerIdCXX\CompilerIdCXX.vcxproj]
  
  
Done Building Project "F:\Downloads\Aula\CG\saida\CMakeFiles\3.6.1\CompilerIdCXX\CompilerIdCXX.vcxproj" (default targets) -- FAILED.

Build FAILED.

"F:\Downloads\Aula\CG\saida\CMakeFiles\3.6.1\CompilerIdCXX\CompilerIdCXX.vcxproj" (default target) (1) ->
(ClCompile target) -> 
  TRACKER : error TRK0005: Failed to locate: "CL.exe". O sistema nÆo pode encontrar o arquivo especificado. [F:\Downloads\Aula\CG\saida\CMakeFiles\3.6.1\CompilerIdCXX\CompilerIdCXX.vcxproj]

    0 Warning(s)
    1 Error(s)

Time Elapsed 00:00:01.59


Determining if the include file pthread.h exists failed with the following output:
Change Dir: F:/Downloads/Aula/CG/saida/CMakeFiles/CMakeTmp

Run Build Command:"C:/Program Files (x86)/MSBuild/14.0/bin/MSBuild.exe" "cmTC_14e3b.vcxproj" "/p:Configuration=Debug" "/p:VisualStudioVersion=14.0"
Microsoft (R) Build Engine version 14.0.25420.1
Copyright (C) Microsoft Corporation. All rights reserved.

Build started 15/08/2016 16:13:30.
Project "F:\Downloads\Aula\CG\saida\CMakeFiles\CMakeTmp\cmTC_14e3b.vcxproj" on node 1 (default targets).
PrepareForBuild:
  Creating directory "cmTC_14e3b.dir\Debug\".
  Creating directory "F:\Downloads\Aula\CG\saida\CMakeFiles\CMakeTmp\Debug\".
  Creating directory "cmTC_14e3b.dir\Debug\cmTC_14e3b.tlog\".
InitializeBuildStatus:
  Creating "cmTC_14e3b.dir\Debug\cmTC_14e3b.tlog\unsuccessfulbuild" because "AlwaysCreate" was specified.
ClCompile:
  C:\Program Files (x86)\Microsoft Visual Studio 14.0\VC\bin\CL.exe /c /Zi /W1 /WX- /Od /Ob0 /Oy- /D _DEBUG /D "CMAKE_INTDIR=\"Debug\"" /D _MBCS /Gm- /RTC1 /MDd /GS /fp:precise /Zc:wchar_t /Zc:forScope /Zc:inline /Fo"cmTC_14e3b.dir\Debug\\" /Fd"cmTC_14e3b.dir\Debug\vc140.pdb" /Gd /TC /analyze- /errorReport:queue F:\Downloads\Aula\CG\saida\CMakeFiles\CMakeTmp\CheckIncludeFile.c
  Microsoft (R) C/C++ Optimizing Compiler Version 19.00.24213.1 for x86
  Copyright (C) Microsoft Corporation.  All rights reserved.
  
  cl /c /Zi /W1 /WX- /Od /Ob0 /Oy- /D _DEBUG /D "CMAKE_INTDIR=\"Debug\"" /D _MBCS /Gm- /RTC1 /MDd /GS /fp:precise /Zc:wchar_t /Zc:forScope /Zc:inline /Fo"cmTC_14e3b.dir\Debug\\" /Fd"cmTC_14e3b.dir\Debug\vc140.pdb" /Gd /TC /analyze- /errorReport:queue F:\Downloads\Aula\CG\saida\CMakeFiles\CMakeTmp\CheckIncludeFile.c
  
  CheckIncludeFile.c
F:\Downloads\Aula\CG\saida\CMakeFiles\CMakeTmp\CheckIncludeFile.c(1): fatal error C1083: Cannot open include file: 'pthread.h': No such file or directory [F:\Downloads\Aula\CG\saida\CMakeFiles\CMakeTmp\cmTC_14e3b.vcxproj]
Done Building Project "F:\Downloads\Aula\CG\saida\CMakeFiles\CMakeTmp\cmTC_14e3b.vcxproj" (default targets) -- FAILED.

Build FAILED.

"F:\Downloads\Aula\CG\saida\CMakeFiles\CMakeTmp\cmTC_14e3b.vcxproj" (default target) (1) ->
(ClCompile target) -> 
  F:\Downloads\Aula\CG\saida\CMakeFiles\CMakeTmp\CheckIncludeFile.c(1): fatal error C1083: Cannot open include file: 'pthread.h': No such file or directory [F:\Downloads\Aula\CG\saida\CMakeFiles\CMakeTmp\cmTC_14e3b.vcxproj]

    0 Warning(s)
    1 Error(s)

Time Elapsed 00:00:01.35


Determining size of off64_t failed with the following output:
Change Dir: F:/Downloads/Aula/CG/saida/CMakeFiles/CMakeTmp

Run Build Command:"C:/Program Files (x86)/MSBuild/14.0/bin/MSBuild.exe" "cmTC_1a3ff.vcxproj" "/p:Configuration=Debug" "/p:VisualStudioVersion=14.0"
Microsoft (R) Build Engine version 14.0.25420.1
Copyright (C) Microsoft Corporation. All rights reserved.

Build started 15/08/2016 16:13:39.
Project "F:\Downloads\Aula\CG\saida\CMakeFiles\CMakeTmp\cmTC_1a3ff.vcxproj" on node 1 (default targets).
PrepareForBuild:
  Creating directory "cmTC_1a3ff.dir\Debug\".
  Creating directory "F:\Downloads\Aula\CG\saida\CMakeFiles\CMakeTmp\Debug\".
  Creating directory "cmTC_1a3ff.dir\Debug\cmTC_1a3ff.tlog\".
InitializeBuildStatus:
  Creating "cmTC_1a3ff.dir\Debug\cmTC_1a3ff.tlog\unsuccessfulbuild" because "AlwaysCreate" was specified.
ClCompile:
  C:\Program Files (x86)\Microsoft Visual Studio 14.0\VC\bin\CL.exe /c /Zi /W1 /WX- /Od /Ob0 /Oy- /D _DEBUG /D _LARGEFILE64_SOURCE=1 /D HAVE_SYS_TYPES_H /D HAVE_STDINT_H /D HAVE_STDDEF_H /D "CMAKE_INTDIR=\"Debug\"" /D _MBCS /Gm- /RTC1 /MDd /GS /fp:precise /Zc:wchar_t /Zc:forScope /Zc:inline /Fo"cmTC_1a3ff.dir\Debug\\" /Fd"cmTC_1a3ff.dir\Debug\vc140.pdb" /Gd /TC /analyze- /errorReport:queue F:\Downloads\Aula\CG\saida\CMakeFiles\CheckTypeSize\OFF64_T.c
  Microsoft (R) C/C++ Optimizing Compiler Version 19.00.24213.1 for x86
  Copyright (C) Microsoft Corporation.  All rights reserved.
  
  cl /c /Zi /W1 /WX- /Od /Ob0 /Oy- /D _DEBUG /D _LARGEFILE64_SOURCE=1 /D HAVE_SYS_TYPES_H /D HAVE_STDINT_H /D HAVE_STDDEF_H /D "CMAKE_INTDIR=\"Debug\"" /D _MBCS /Gm- /RTC1 /MDd /GS /fp:precise /Zc:wchar_t /Zc:forScope /Zc:inline /Fo"cmTC_1a3ff.dir\Debug\\" /Fd"cmTC_1a3ff.dir\Debug\vc140.pdb" /Gd /TC /analyze- /errorReport:queue F:\Downloads\Aula\CG\saida\CMakeFiles\CheckTypeSize\OFF64_T.c
  
  OFF64_T.c
F:\Downloads\Aula\CG\saida\CMakeFiles\CheckTypeSize\OFF64_T.c(19): error C2065: 'off64_t': undeclared identifier [F:\Downloads\Aula\CG\saida\CMakeFiles\CMakeTmp\cmTC_1a3ff.vcxproj]
F:\Downloads\Aula\CG\saida\CMakeFiles\CheckTypeSize\OFF64_T.c(20): error C2065: 'off64_t': undeclared identifier [F:\Downloads\Aula\CG\saida\CMakeFiles\CMakeTmp\cmTC_1a3ff.vcxproj]
F:\Downloads\Aula\CG\saida\CMakeFiles\CheckTypeSize\OFF64_T.c(21): error C2065: 'off64_t': undeclared identifier [F:\Downloads\Aula\CG\saida\CMakeFiles\CMakeTmp\cmTC_1a3ff.vcxproj]
F:\Downloads\Aula\CG\saida\CMakeFiles\CheckTypeSize\OFF64_T.c(22): error C2065: 'off64_t': undeclared identifier [F:\Downloads\Aula\CG\saida\CMakeFiles\CMakeTmp\cmTC_1a3ff.vcxproj]
F:\Downloads\Aula\CG\saida\CMakeFiles\CheckTypeSize\OFF64_T.c(23): error C2065: 'off64_t': undeclared identifier [F:\Downloads\Aula\CG\saida\CMakeFiles\CMakeTmp\cmTC_1a3ff.vcxproj]
Done Building Project "F:\Downloads\Aula\CG\saida\CMakeFiles\CMakeTmp\cmTC_1a3ff.vcxproj" (default targets) -- FAILED.

Build FAILED.

"F:\Downloads\Aula\CG\saida\CMakeFiles\CMakeTmp\cmTC_1a3ff.vcxproj" (default target) (1) ->
(ClCompile target) -> 
  F:\Downloads\Aula\CG\saida\CMakeFiles\CheckTypeSize\OFF64_T.c(19): error C2065: 'off64_t': undeclared identifier [F:\Downloads\Aula\CG\saida\CMakeFiles\CMakeTmp\cmTC_1a3ff.vcxproj]
  F:\Downloads\Aula\CG\saida\CMakeFiles\CheckTypeSize\OFF64_T.c(20): error C2065: 'off64_t': undeclared identifier [F:\Downloads\Aula\CG\saida\CMakeFiles\CMakeTmp\cmTC_1a3ff.vcxproj]
  F:\Downloads\Aula\CG\saida\CMakeFiles\CheckTypeSize\OFF64_T.c(21): error C2065: 'off64_t': undeclared identifier [F:\Downloads\Aula\CG\saida\CMakeFiles\CMakeTmp\cmTC_1a3ff.vcxproj]
  F:\Downloads\Aula\CG\saida\CMakeFiles\CheckTypeSize\OFF64_T.c(22): error C2065: 'off64_t': undeclared identifier [F:\Downloads\Aula\CG\saida\CMakeFiles\CMakeTmp\cmTC_1a3ff.vcxproj]
  F:\Downloads\Aula\CG\saida\CMakeFiles\CheckTypeSize\OFF64_T.c(23): error C2065: 'off64_t': undeclared identifier [F:\Downloads\Aula\CG\saida\CMakeFiles\CMakeTmp\cmTC_1a3ff.vcxproj]

    0 Warning(s)
    5 Error(s)

Time Elapsed 00:00:01.03

F:/Downloads/Aula/CG/saida/CMakeFiles/CheckTypeSize/OFF64_T.c:
#include <sys/types.h>
#include <stdint.h>
#include <stddef.h>


#undef KEY
#if defined(__i386)
# define KEY '_','_','i','3','8','6'
#elif defined(__x86_64)
# define KEY '_','_','x','8','6','_','6','4'
#elif defined(__ppc__)
# define KEY '_','_','p','p','c','_','_'
#elif defined(__ppc64__)
# define KEY '_','_','p','p','c','6','4','_','_'
#endif

#define SIZE (sizeof(off64_t))
char info_size[] =  {'I', 'N', 'F', 'O', ':', 's','i','z','e','[',
  ('0' + ((SIZE / 10000)%10)),
  ('0' + ((SIZE / 1000)%10)),
  ('0' + ((SIZE / 100)%10)),
  ('0' + ((SIZE / 10)%10)),
  ('0' +  (SIZE    % 10)),
  ']',
#ifdef KEY
  ' ','k','e','y','[', KEY, ']',
#endif
  '\0'};

#ifdef __CLASSIC_C__
int main(argc, argv) int argc; char *argv[];
#else
int main(int argc, char *argv[])
#endif
{
  int require = 0;
  require += info_size[argc];
  (void)argv;
  return require;
}


Determining if the function fseeko exists failed with the following output:
Change Dir: F:/Downloads/Aula/CG/saida/CMakeFiles/CMakeTmp

Run Build Command:"C:/Program Files (x86)/MSBuild/14.0/bin/MSBuild.exe" "cmTC_989f4.vcxproj" "/p:Configuration=Debug" "/p:VisualStudioVersion=14.0"
Microsoft (R) Build Engine version 14.0.25420.1
Copyright (C) Microsoft Corporation. All rights reserved.

Build started 15/08/2016 16:13:41.
Project "F:\Downloads\Aula\CG\saida\CMakeFiles\CMakeTmp\cmTC_989f4.vcxproj" on node 1 (default targets).
PrepareForBuild:
  Creating directory "cmTC_989f4.dir\Debug\".
  Creating directory "F:\Downloads\Aula\CG\saida\CMakeFiles\CMakeTmp\Debug\".
  Creating directory "cmTC_989f4.dir\Debug\cmTC_989f4.tlog\".
InitializeBuildStatus:
  Creating "cmTC_989f4.dir\Debug\cmTC_989f4.tlog\unsuccessfulbuild" because "AlwaysCreate" was specified.
ClCompile:
  C:\Program Files (x86)\Microsoft Visual Studio 14.0\VC\bin\CL.exe /c /Zi /W1 /WX- /Od /Ob0 /Oy- /D CHECK_FUNCTION_EXISTS=fseeko /D _DEBUG /D "CMAKE_INTDIR=\"Debug\"" /D _MBCS /Gm- /RTC1 /MDd /GS /fp:precise /Zc:wchar_t /Zc:forScope /Zc:inline /Fo"cmTC_989f4.dir\Debug\\" /Fd"cmTC_989f4.dir\Debug\vc140.pdb" /Gd /TC /analyze- /errorReport:queue "C:\Program Files\CMake\share\cmake-3.6\Modules\CheckFunctionExists.c"
  Microsoft (R) C/C++ Optimizing Compiler Version 19.00.24213.1 for x86
  Copyright (C) Microsoft Corporation.  All rights reserved.
  
  cl /c /Zi /W1 /WX- /Od /Ob0 /Oy- /D CHECK_FUNCTION_EXISTS=fseeko /D _DEBUG /D "CMAKE_INTDIR=\"Debug\"" /D _MBCS /Gm- /RTC1 /MDd /GS /fp:precise /Zc:wchar_t /Zc:forScope /Zc:inline /Fo"cmTC_989f4.dir\Debug\\" /Fd"cmTC_989f4.dir\Debug\vc140.pdb" /Gd /TC /analyze- /errorReport:queue "C:\Program Files\CMake\share\cmake-3.6\Modules\CheckFunctionExists.c"
  
  CheckFunctionExists.c
Link:
  C:\Program Files (x86)\Microsoft Visual Studio 14.0\VC\bin\link.exe /ERRORREPORT:QUEUE /OUT:"F:\Downloads\Aula\CG\saida\CMakeFiles\CMakeTmp\Debug\cmTC_989f4.exe" /INCREMENTAL /NOLOGO kernel32.lib user32.lib gdi32.lib winspool.lib shell32.lib ole32.lib oleaut32.lib uuid.lib comdlg32.lib advapi32.lib /MANIFEST /MANIFESTUAC:"level='asInvoker' uiAccess='false'" /manifest:embed /DEBUG /PDB:"F:/Downloads/Aula/CG/saida/CMakeFiles/CMakeTmp/Debug/cmTC_989f4.pdb" /SUBSYSTEM:CONSOLE /TLBID:1 /DYNAMICBASE /NXCOMPAT /IMPLIB:"F:/Downloads/Aula/CG/saida/CMakeFiles/CMakeTmp/Debug/cmTC_989f4.lib" /MACHINE:X86 /SAFESEH  /machine:X86 cmTC_989f4.dir\Debug\CheckFunctionExists.obj
CheckFunctionExists.obj : error LNK2019: unresolved external symbol _fseeko referenced in function _main [F:\Downloads\Aula\CG\saida\CMakeFiles\CMakeTmp\cmTC_989f4.vcxproj]
F:\Downloads\Aula\CG\saida\CMakeFiles\CMakeTmp\Debug\cmTC_989f4.exe : fatal error LNK1120: 1 unresolved externals [F:\Downloads\Aula\CG\saida\CMakeFiles\CMakeTmp\cmTC_989f4.vcxproj]
Done Building Project "F:\Downloads\Aula\CG\saida\CMakeFiles\CMakeTmp\cmTC_989f4.vcxproj" (default targets) -- FAILED.

Build FAILED.

"F:\Downloads\Aula\CG\saida\CMakeFiles\CMakeTmp\cmTC_989f4.vcxproj" (default target) (1) ->
(Link target) -> 
  CheckFunctionExists.obj : error LNK2019: unresolved external symbol _fseeko referenced in function _main [F:\Downloads\Aula\CG\saida\CMakeFiles\CMakeTmp\cmTC_989f4.vcxproj]
  F:\Downloads\Aula\CG\saida\CMakeFiles\CMakeTmp\Debug\cmTC_989f4.exe : fatal error LNK1120: 1 unresolved externals [F:\Downloads\Aula\CG\saida\CMakeFiles\CMakeTmp\cmTC_989f4.vcxproj]

    0 Warning(s)
    2 Error(s)

Time Elapsed 00:00:01.52


Determining if the include file unistd.h exists failed with the following output:
Change Dir: F:/Downloads/Aula/CG/saida/CMakeFiles/CMakeTmp

Run Build Command:"C:/Program Files (x86)/MSBuild/14.0/bin/MSBuild.exe" "cmTC_33577.vcxproj" "/p:Configuration=Debug" "/p:VisualStudioVersion=14.0"
Microsoft (R) Build Engine version 14.0.25420.1
Copyright (C) Microsoft Corporation. All rights reserved.

Build started 15/08/2016 16:13:43.
Project "F:\Downloads\Aula\CG\saida\CMakeFiles\CMakeTmp\cmTC_33577.vcxproj" on node 1 (default targets).
PrepareForBuild:
  Creating directory "cmTC_33577.dir\Debug\".
  Creating directory "F:\Downloads\Aula\CG\saida\CMakeFiles\CMakeTmp\Debug\".
  Creating directory "cmTC_33577.dir\Debug\cmTC_33577.tlog\".
InitializeBuildStatus:
  Creating "cmTC_33577.dir\Debug\cmTC_33577.tlog\unsuccessfulbuild" because "AlwaysCreate" was specified.
ClCompile:
  C:\Program Files (x86)\Microsoft Visual Studio 14.0\VC\bin\CL.exe /c /Zi /W1 /WX- /Od /Ob0 /Oy- /D _DEBUG /D "CMAKE_INTDIR=\"Debug\"" /D _MBCS /Gm- /RTC1 /MDd /GS /fp:precise /Zc:wchar_t /Zc:forScope /Zc:inline /Fo"cmTC_33577.dir\Debug\\" /Fd"cmTC_33577.dir\Debug\vc140.pdb" /Gd /TC /analyze- /errorReport:queue F:\Downloads\Aula\CG\saida\CMakeFiles\CMakeTmp\CheckIncludeFile.c
  Microsoft (R) C/C++ Optimizing Compiler Version 19.00.24213.1 for x86
  Copyright (C) Microsoft Corporation.  All rights reserved.
  
  cl /c /Zi /W1 /WX- /Od /Ob0 /Oy- /D _DEBUG /D "CMAKE_INTDIR=\"Debug\"" /D _MBCS /Gm- /RTC1 /MDd /GS /fp:precise /Zc:wchar_t /Zc:forScope /Zc:inline /Fo"cmTC_33577.dir\Debug\\" /Fd"cmTC_33577.dir\Debug\vc140.pdb" /Gd /TC /analyze- /errorReport:queue F:\Downloads\Aula\CG\saida\CMakeFiles\CMakeTmp\CheckIncludeFile.c
  
  CheckIncludeFile.c
F:\Downloads\Aula\CG\saida\CMakeFiles\CMakeTmp\CheckIncludeFile.c(1): fatal error C1083: Cannot open include file: 'unistd.h': No such file or directory [F:\Downloads\Aula\CG\saida\CMakeFiles\CMakeTmp\cmTC_33577.vcxproj]
Done Building Project "F:\Downloads\Aula\CG\saida\CMakeFiles\CMakeTmp\cmTC_33577.vcxproj" (default targets) -- FAILED.

Build FAILED.

"F:\Downloads\Aula\CG\saida\CMakeFiles\CMakeTmp\cmTC_33577.vcxproj" (default target) (1) ->
(ClCompile target) -> 
  F:\Downloads\Aula\CG\saida\CMakeFiles\CMakeTmp\CheckIncludeFile.c(1): fatal error C1083: Cannot open include file: 'unistd.h': No such file or directory [F:\Downloads\Aula\CG\saida\CMakeFiles\CMakeTmp\cmTC_33577.vcxproj]

    0 Warning(s)
    1 Error(s)

Time Elapsed 00:00:01.05


